<?xml version="1.0" encoding="UTF-8"?>
<testsuite xmlns:xsi="http://www.w3.org/2001/XMLSchema-instance" xsi:noNamespaceSchemaLocation="https://maven.apache.org/surefire/maven-surefire-plugin/xsd/surefire-test-report-3.0.xsd" version="3.0" name="TestSuite" time="2.714" tests="1" errors="0" skipped="0" failures="0">
  <properties>
[...]
</properties>
  <testcase name="getProfileTest" classname="com.restAPI.test.getProfileForTest" time="1.918">
    <system-out><![CDATA[23:08:55.925 [main] INFO  com.restAPI.listeners.TestListener - 🔹 Test Suite Started: API Test RestAssureProject
23:08:55.949 [main] INFO  com.restAPI.listeners.TestListener - 🚀 Test Started: getProfileTest
23:08:55.953 [main] INFO  com.restAPI.test.getProfileForTest - 🔑 Starting Get Profile API Test...
23:08:56.921 [main] INFO  com.restAPI.filters.LoggingFilter - Request Method: POST
23:08:56.924 [main] INFO  com.restAPI.filters.LoggingFilter - Request URI: http://64.227.160.186:8080/api/auth/login
23:08:56.925 [main] INFO  com.restAPI.filters.LoggingFilter - Request Headers: Accept=*/*
Content-Type=application/json
23:08:57.602 [main] INFO  com.restAPI.filters.LoggingFilter - Response Status Code: 200
23:08:57.638 [main] INFO  com.restAPI.filters.LoggingFilter - Response  Body: {
    "token": "eyJhbGciOiJIUzI1NiJ9.eyJzdWIiOiJSYW11MTIzQGdtYWlsLmNvbSIsImlhdCI6MTc1NjMxNjMzNywiZXhwIjoxNzU2MzE5OTM3fQ.NdcNCwyhMEcRGY-O0xeiXuewW70cmHSIYW_UzII24J0",
    "type": "Bearer",
    "id": 2389,
    "username": "Ramu123@gmail.com",
    "email": "Ramu123@gmail.com",
    "roles": [
        "ROLE_USER"
    ]
}
23:08:57.680 [main] INFO  com.restAPI.test.getProfileForTest - ✅ Successfully logged in. Token received: eyJhbGciOiJIUzI1NiJ9.eyJzdWIiOiJSYW11MTIzQGdtYWlsLmNvbSIsImlhdCI6MTc1NjMxNjMzNywiZXhwIjoxNzU2MzE5OTM3fQ.NdcNCwyhMEcRGY-O0xeiXuewW70cmHSIYW_UzII24J0
23:08:57.686 [main] INFO  com.restAPI.filters.LoggingFilter - Request Method: GET
23:08:57.687 [main] INFO  com.restAPI.filters.LoggingFilter - Request URI: http://64.227.160.186:8080/api/users/profile
23:08:57.688 [main] INFO  com.restAPI.filters.LoggingFilter - Request Headers: Authorization=Bearer eyJhbGciOiJIUzI1NiJ9.eyJzdWIiOiJSYW11MTIzQGdtYWlsLmNvbSIsImlhdCI6MTc1NjMxNjMzNywiZXhwIjoxNzU2MzE5OTM3fQ.NdcNCwyhMEcRGY-O0xeiXuewW70cmHSIYW_UzII24J0
Accept=*/*
23:08:57.854 [main] INFO  com.restAPI.filters.LoggingFilter - Response Status Code: 200
23:08:57.856 [main] INFO  com.restAPI.filters.LoggingFilter - Response  Body: {
    "id": 2389,
    "username": "Ramu123@gmail.com",
    "email": "Ramu123@gmail.com",
    "firstName": "RamuUpdated1",
    "lastName": "R",
    "mobileNumber": "9440023999"
}
23:08:57.860 [main] INFO  com.restAPI.test.getProfileForTest - 📄 Profile fetched successfully for user: RamuUpdated1
23:08:57.863 [main] INFO  com.restAPI.test.getProfileForTest - 🎯 Test Passed - FirstName: RamuUpdated1
]]></system-out>
    <system-err><![CDATA[SLF4J(W): No SLF4J providers were found.
SLF4J(W): Defaulting to no-operation (NOP) logger implementation
SLF4J(W): See https://www.slf4j.org/codes.html#noProviders for further details.
]]></system-err>
  </testcase>
</testsuite>