<?xml version="1.0" encoding="UTF-8"?>
<testng-results ignored="0" total="1" passed="1" failed="0" skipped="0">
  <reporter-output>
  </reporter-output>
  <suite started-at="2025-08-27T23:08:55 IST" name="All Test Suite" finished-at="2025-08-27T23:08:57 IST" duration-ms="1954">
    <groups>
    </groups>
    <test started-at="2025-08-27T23:08:55 IST" name="API Test RestAssureProject" finished-at="2025-08-27T23:08:57 IST" duration-ms="1954">
      <class name="com.restAPI.test.getProfileForTest">
        <test-method signature="getProfileTest()[pri:0, instance:com.restAPI.test.getProfileForTest@53de625d]" started-at="2025-08-27T23:08:55 IST" name="getProfileTest" description="Get Profile Test for API validation" finished-at="2025-08-27T23:08:57 IST" duration-ms="1916" status="PASS">
          <reporter-output>
          </reporter-output>
        </test-method> <!-- getProfileTest -->
      </class> <!-- com.restAPI.test.getProfileForTest -->
    </test> <!-- API Test RestAssureProject -->
  </suite> <!-- All Test Suite -->
</testng-results>
